<?xml version="1.0" encoding="UTF-8"?>
<testng-results ignored="0" total="2" passed="2" failed="0" skipped="0">
  <reporter-output>
  </reporter-output>
  <suite started-at="2023-09-01T13:30:34 IST" name="Default suite" finished-at="2023-09-01T13:30:37 IST" duration-ms="3698">
    <groups>
    </groups>
    <test started-at="2023-09-01T13:30:34 IST" name="Default test" finished-at="2023-09-01T13:30:37 IST" duration-ms="3698">
      <class name="Test.testonSD">
        <test-method is-config="true" signature="openandlaunchBrowserURL()[pri:0, instance:Test.testonSD@67e28be3]" started-at="2023-09-01T13:30:34 IST" name="openandlaunchBrowserURL" finished-at="2023-09-01T13:30:37 IST" duration-ms="2928" status="PASS">
          <reporter-output>
          </reporter-output>
        </test-method> <!-- openandlaunchBrowserURL -->
        <test-method signature="loginToSDemo()[pri:1, instance:Test.testonSD@67e28be3]" started-at="2023-09-01T13:30:37 IST" name="loginToSDemo" finished-at="2023-09-01T13:30:37 IST" duration-ms="433" status="PASS">
          <reporter-output>
          </reporter-output>
        </test-method> <!-- loginToSDemo -->
        <test-method signature="getgreatestPrice()[pri:2, instance:Test.testonSD@67e28be3]" started-at="2023-09-01T13:30:37 IST" name="getgreatestPrice" finished-at="2023-09-01T13:30:37 IST" duration-ms="254" status="PASS">
          <reporter-output>
          </reporter-output>
        </test-method> <!-- getgreatestPrice -->
      </class> <!-- Test.testonSD -->
    </test> <!-- Default test -->
  </suite> <!-- Default suite -->
</testng-results>
